<?xml version="1.0" encoding="UTF-8"?>
<!-- Generated by org.testng.reporters.JUnitXMLReporter -->
<testsuite ignored="0" hostname="DESKTOP-2BVS31M" failures="1" tests="2" name="EdgeIncognitoTest" time="399.49" errors="0" timestamp="08 Apr 2022 12:39:56 GMT">
  <testcase classname="com.courseFlow.TestCasesForCourseFlow" name="LoginIntoCourse" time="154.273"/>
  <testcase classname="com.courseFlow.TestCasesForCourseFlow" name="startCourseFlow" time="237.976">
    <failure type="org.openqa.selenium.TimeoutException" message="Expected condition failed: waiting for frame to be available: Proxy element for: DefaultElementLocator &amp;apos;By.id: actCntIframe_child&amp;apos; (tried for 5 second(s) with 500 milliseconds interval)">
      <![CDATA[org.openqa.selenium.TimeoutException: Expected condition failed: waiting for frame to be available: Proxy element for: DefaultElementLocator 'By.id: actCntIframe_child' (tried for 5 second(s) with 500 milliseconds interval)
at org.openqa.selenium.support.ui.WebDriverWait.timeoutException(WebDriverWait.java:95)
at org.openqa.selenium.support.ui.FluentWait.until(FluentWait.java:272)
at com.courseFlow.AllPageElements.switchToFrame(AllPageElements.java:287)
at com.courseFlow.TestCasesForCourseFlow.startCourseFlow(TestCasesForCourseFlow.java:158)
at java.base/java.util.concurrent.FutureTask.run(FutureTask.java:264)
at java.base/java.util.concurrent.ThreadPoolExecutor.runWorker(ThreadPoolExecutor.java:1130)
at java.base/java.util.concurrent.ThreadPoolExecutor$Worker.run(ThreadPoolExecutor.java:630)
at java.base/java.lang.Thread.run(Thread.java:831)
Caused by: org.openqa.selenium.NoSuchElementException: no such element: Unable to locate element: {"method":"css selector","selector":"#actCntIframe_child"}
  (Session info: MicrosoftEdge=100.0.1185.36)
For documentation on this error, please visit: https://www.seleniumhq.org/exceptions/no_such_element.html
Build info: version: '3.141.59', revision: 'e82be7d358', time: '2018-11-14T08:17:03'
System info: host: 'DESKTOP-2BVS31M', ip: '172.31.64.1', os.name: 'Windows 10', os.arch: 'amd64', os.version: '10.0', java.version: '16.0.2'
Driver info: org.openqa.selenium.edge.EdgeDriver
Capabilities {acceptInsecureCerts: false, browserName: msedge, browserVersion: 100.0.1185.36, javascriptEnabled: true, ms:edgeOptions: {debuggerAddress: localhost:62731}, msedge: {msedgedriverVersion: 100.0.1185.36 (22972d25db82..., userDataDir: C:\Users\Admin\AppData\Loca...}, networkConnectionEnabled: false, pageLoadStrategy: normal, platform: WINDOWS, platformName: WINDOWS, proxy: Proxy(), setWindowRect: true, strictFileInteractability: false, timeouts: {implicit: 0, pageLoad: 300000, script: 30000}, unhandledPromptBehavior: dismiss and notify, webauthn:extension:credBlob: true, webauthn:extension:largeBlob: true, webauthn:virtualAuthenticators: true}
Session ID: 842b44fc44b7f2d805b8bec60cd75aeb
*** Element info: {Using=id, value=actCntIframe_child}
at org.openqa.selenium.remote.http.W3CHttpResponseCodec.createException(W3CHttpResponseCodec.java:187)
at org.openqa.selenium.remote.http.W3CHttpResponseCodec.decode(W3CHttpResponseCodec.java:122)
at org.openqa.selenium.remote.http.W3CHttpResponseCodec.decode(W3CHttpResponseCodec.java:49)
at org.openqa.selenium.remote.HttpCommandExecutor.execute(HttpCommandExecutor.java:158)
at org.openqa.selenium.remote.service.DriverCommandExecutor.execute(DriverCommandExecutor.java:83)
at org.openqa.selenium.remote.RemoteWebDriver.execute(RemoteWebDriver.java:552)
at org.openqa.selenium.remote.RemoteWebDriver.findElement(RemoteWebDriver.java:323)
at org.openqa.selenium.remote.RemoteWebDriver.findElementById(RemoteWebDriver.java:372)
at org.openqa.selenium.By$ById.findElement(By.java:188)
at org.openqa.selenium.remote.RemoteWebDriver.findElement(RemoteWebDriver.java:315)
at org.openqa.selenium.support.pagefactory.DefaultElementLocator.findElement(DefaultElementLocator.java:69)
at org.openqa.selenium.support.pagefactory.internal.LocatingElementHandler.invoke(LocatingElementHandler.java:38)
at jdk.proxy2/jdk.proxy2.$Proxy13.getWrappedElement(Unknown Source)
at org.openqa.selenium.remote.internal.WebElementToJsonConverter.apply(WebElementToJsonConverter.java:50)
at org.openqa.selenium.remote.RemoteWebDriver$RemoteTargetLocator.frame(RemoteWebDriver.java:891)
at org.openqa.selenium.support.ui.ExpectedConditions$19.apply(ExpectedConditions.java:553)
at org.openqa.selenium.support.ui.ExpectedConditions$19.apply(ExpectedConditions.java:549)
at org.openqa.selenium.support.ui.FluentWait.until(FluentWait.java:249)
... 22 more
... Removed 20 stack frames]]>
    </failure>
  </testcase> <!-- startCourseFlow -->
</testsuite> <!-- EdgeIncognitoTest -->
