<?xml version="1.0" encoding="UTF-8"?>
<!-- Generated by org.testng.reporters.JUnitXMLReporter -->
<testsuite ignored="0" hostname="DESKTOP-2BVS31M" failures="0" tests="1" name="Test" time="0.064" errors="0" timestamp="06 Dec 2021 08:12:17 GMT">
  <testcase classname="com.courseFlow.BaseClass" name="@BeforeClass launchBrowser" time="0.0">
    <failure type="org.testng.TestNGException" message="
Parameter &amp;apos;Browsers&amp;apos; is required by BeforeClass on method launchBrowser but has not been marked @Optional or defined
in C:\Users\Admin\eclipse-workspace\RandomCourseProgress\src\test\java\CourseFlow.xml">
      <![CDATA[org.testng.TestNGException: 
Parameter 'Browsers' is required by BeforeClass on method launchBrowser but has not been marked @Optional or defined
in C:\Users\Admin\eclipse-workspace\RandomCourseProgress\src\test\java\CourseFlow.xml
... Removed 23 stack frames]]>
    </failure>
  </testcase> <!-- @BeforeClass launchBrowser -->
  <testcase classname="com.courseFlow.TestCasesForCourseFlow" name="LoginIntoCourse" time="0.0">
    <skipped/>
  </testcase> <!-- LoginIntoCourse -->
</testsuite> <!-- Test -->
